<?xml version="1.0" encoding="UTF-8"?>
<robot generator="Robot 7.0 (Python 3.11.1 on win32)" generated="2024-01-29T14:47:21.237645" rpa="false" schemaversion="5">
<suite id="s1" name="Testquiz" source="D:\testquiz">
<suite id="s1-s1" name="Test" source="D:\testquiz\Test.robot">
<kw name="Open Browser" owner="SeleniumLibrary" type="SETUP">
<msg time="2024-01-29T14:47:21.439706" level="INFO">Opening browser 'firefox' to base url 'https://automationexercise.com'.</msg>
<arg>https://automationexercise.com</arg>
<doc>Opens a new browser instance to the optional ``url``.</doc>
<status status="PASS" start="2024-01-29T14:47:21.438706" elapsed="10.433986"/>
</kw>
<test id="s1-s1-t1" name="login with invalid" line="30">
<kw name="Click Sign-up Element">
<kw name="Click Element" owner="SeleniumLibrary">
<msg time="2024-01-29T14:47:31.877695" level="INFO">Clicking element '//*[@id="header"]/div/div/div/div[2]/div/ul/li[4]/a'.</msg>
<arg>//*[@id="header"]/div/div/div/div[2]/div/ul/li[4]/a</arg>
<doc>Click the element identified by ``locator``.</doc>
<status status="PASS" start="2024-01-29T14:47:31.876695" elapsed="1.658060"/>
</kw>
<status status="PASS" start="2024-01-29T14:47:31.875696" elapsed="1.659059"/>
</kw>
<kw name="Input Email">
<kw name="Input Text" owner="SeleniumLibrary">
<msg time="2024-01-29T14:47:33.535755" level="INFO">Typing text 'safijiva6123@safijiva.com' into text field '//*[@name="email"]'.</msg>
<arg>//*[@name="email"]</arg>
<arg>${email}</arg>
<doc>Types the given ``text`` into the text field identified by ``locator``.</doc>
<status status="PASS" start="2024-01-29T14:47:33.535755" elapsed="0.044013"/>
</kw>
<arg>${email}</arg>
<status status="PASS" start="2024-01-29T14:47:33.534755" elapsed="0.045013"/>
</kw>
<kw name="Input Password">
<kw name="Input Text" owner="SeleniumLibrary">
<msg time="2024-01-29T14:47:33.582774" level="INFO">Typing text '12345' into text field '//*[@name="password"]'.</msg>
<arg>//*[@name="password"]</arg>
<arg>${password}</arg>
<doc>Types the given ``text`` into the text field identified by ``locator``.</doc>
<status status="PASS" start="2024-01-29T14:47:33.581762" elapsed="0.052436"/>
</kw>
<arg>${password}</arg>
<status status="PASS" start="2024-01-29T14:47:33.580765" elapsed="0.053433"/>
</kw>
<kw name="Click login button">
<kw name="Click Element" owner="SeleniumLibrary">
<msg time="2024-01-29T14:47:33.635198" level="INFO">Clicking element '//*[@id="form"]/div/div/div[1]/div/form/button'.</msg>
<arg>//*[@id="form"]/div/div/div[1]/div/form/button</arg>
<doc>Click the element identified by ``locator``.</doc>
<status status="PASS" start="2024-01-29T14:47:33.635198" elapsed="1.206262"/>
</kw>
<status status="PASS" start="2024-01-29T14:47:33.634198" elapsed="1.207262"/>
</kw>
<kw name="Page Should Contain Element" owner="SeleniumLibrary">
<msg time="2024-01-29T14:47:34.847461" level="INFO">Current page contains element '//*[@id="form"]/div/div/div[1]/div/form/p'.</msg>
<arg>//*[@id="form"]/div/div/div[1]/div/form/p</arg>
<doc>Verifies that element ``locator`` is found on the current page.</doc>
<status status="PASS" start="2024-01-29T14:47:34.842458" elapsed="0.006007"/>
</kw>
<status status="PASS" start="2024-01-29T14:47:31.873689" elapsed="2.974776"/>
</test>
<kw name="Close Browser" owner="SeleniumLibrary" type="TEARDOWN">
<doc>Closes the current browser.</doc>
<status status="PASS" start="2024-01-29T14:47:34.849468" elapsed="2.955465"/>
</kw>
<doc>This is a sample test suite using Robot Framework</doc>
<status status="PASS" start="2024-01-29T14:47:21.268642" elapsed="16.537307"/>
</suite>
<status status="PASS" start="2024-01-29T14:47:21.240644" elapsed="16.567293"/>
</suite>
<statistics>
<total>
<stat pass="1" fail="0" skip="0">All Tests</stat>
</total>
<tag>
</tag>
<suite>
<stat pass="1" fail="0" skip="0" id="s1" name="Testquiz">Testquiz</stat>
<stat pass="1" fail="0" skip="0" id="s1-s1" name="Test">Testquiz.Test</stat>
</suite>
</statistics>
<errors>
</errors>
</robot>
